<?xml version="1.0" encoding="UTF-8" ?>
<testsuites name="vitest tests" tests="75" failures="0" errors="0" time="0.1997187">
    <testsuite name="src/modules/auth/__tests__/authorization.spec.ts" timestamp="2025-05-08T11:06:11.154Z" hostname="DESKTOP-RDK5HMQ" tests="33" failures="0" errors="0" skipped="0" time="0.0943926">
        <testcase classname="src/modules/auth/__tests__/authorization.spec.ts" name="stores/modules/auth/authorisations &gt; initial state &gt; should have a null initial state for features and levelsAuthorisations" time="0.0106095">
        </testcase>
        <testcase classname="src/modules/auth/__tests__/authorization.spec.ts" name="stores/modules/auth/authorisations &gt; getters &gt; user context getters &gt; should return default values when no user is logged in" time="0.0046216">
        </testcase>
        <testcase classname="src/modules/auth/__tests__/authorization.spec.ts" name="stores/modules/auth/authorisations &gt; getters &gt; user context getters &gt; should reflect currentUser properties" time="0.0037786">
        </testcase>
        <testcase classname="src/modules/auth/__tests__/authorization.spec.ts" name="stores/modules/auth/authorisations &gt; getters &gt; hasExpired &gt; should be false if permissionsExpireAt is null" time="0.0015463">
        </testcase>
        <testcase classname="src/modules/auth/__tests__/authorization.spec.ts" name="stores/modules/auth/authorisations &gt; getters &gt; hasExpired &gt; should be false if permissionsExpireAt is in the future" time="0.0021515">
        </testcase>
        <testcase classname="src/modules/auth/__tests__/authorization.spec.ts" name="stores/modules/auth/authorisations &gt; getters &gt; hasExpired &gt; should be true if permissionsExpireAt is in the past" time="0.0017015">
        </testcase>
        <testcase classname="src/modules/auth/__tests__/authorization.spec.ts" name="stores/modules/auth/authorisations &gt; getters &gt; role getters &gt; isUser should be true for USER level and above" time="0.0016988">
        </testcase>
        <testcase classname="src/modules/auth/__tests__/authorization.spec.ts" name="stores/modules/auth/authorisations &gt; getters &gt; role getters &gt; isIntegrator should be true for INTEGRATOR level and above" time="0.001357">
        </testcase>
        <testcase classname="src/modules/auth/__tests__/authorization.spec.ts" name="stores/modules/auth/authorisations &gt; getters &gt; role getters &gt; isAdmin should be true for ADMIN level" time="0.0049256">
        </testcase>
        <testcase classname="src/modules/auth/__tests__/authorization.spec.ts" name="stores/modules/auth/authorisations &gt; getters &gt; hasCurrentUserAuthorisation (and isUserAllowed) &gt; should return true for admin for any feature/action" time="0.0021956">
        </testcase>
        <testcase classname="src/modules/auth/__tests__/authorization.spec.ts" name="stores/modules/auth/authorisations &gt; getters &gt; hasCurrentUserAuthorisation (and isUserAllowed) &gt; should return false if no user is logged in" time="0.001309">
        </testcase>
        <testcase classname="src/modules/auth/__tests__/authorization.spec.ts" name="stores/modules/auth/authorisations &gt; getters &gt; hasCurrentUserAuthorisation (and isUserAllowed) &gt; should return false if user has no permissions object" time="0.0011539">
        </testcase>
        <testcase classname="src/modules/auth/__tests__/authorization.spec.ts" name="stores/modules/auth/authorisations &gt; getters &gt; hasCurrentUserAuthorisation (and isUserAllowed) &gt; should return false if user does not have the feature permission" time="0.0007769">
        </testcase>
        <testcase classname="src/modules/auth/__tests__/authorization.spec.ts" name="stores/modules/auth/authorisations &gt; getters &gt; hasCurrentUserAuthorisation (and isUserAllowed) &gt; should return false if user has the feature but not the action" time="0.0009127">
        </testcase>
        <testcase classname="src/modules/auth/__tests__/authorization.spec.ts" name="stores/modules/auth/authorisations &gt; getters &gt; hasCurrentUserAuthorisation (and isUserAllowed) &gt; should return true if user has the feature and action" time="0.0007795">
        </testcase>
        <testcase classname="src/modules/auth/__tests__/authorization.spec.ts" name="stores/modules/auth/authorisations &gt; getters &gt; hasCurrentUserAuthorisation (and isUserAllowed) &gt; should still check permissions even if hasExpired is true (permissions check is independent of expiry for this getter)" time="0.0007172">
        </testcase>
        <testcase classname="src/modules/auth/__tests__/authorization.spec.ts" name="stores/modules/auth/authorisations &gt; actions &gt; fetchAllFeatures &gt; should fetch and set all features" time="0.0102811">
        </testcase>
        <testcase classname="src/modules/auth/__tests__/authorization.spec.ts" name="stores/modules/auth/authorisations &gt; actions &gt; fetchAllFeatures &gt; should return null on 403 error" time="0.0014348">
        </testcase>
        <testcase classname="src/modules/auth/__tests__/authorization.spec.ts" name="stores/modules/auth/authorisations &gt; actions &gt; fetchAllFeatures &gt; should throw ServerError on other errors" time="0.0022063">
        </testcase>
        <testcase classname="src/modules/auth/__tests__/authorization.spec.ts" name="stores/modules/auth/authorisations &gt; actions &gt; fetchLevels &gt; should fetch and set levels authorisations" time="0.0014041">
        </testcase>
        <testcase classname="src/modules/auth/__tests__/authorization.spec.ts" name="stores/modules/auth/authorisations &gt; actions &gt; fetchLevels &gt; should return null on 403 error" time="0.0009286">
        </testcase>
        <testcase classname="src/modules/auth/__tests__/authorization.spec.ts" name="stores/modules/auth/authorisations &gt; actions &gt; getLevel &gt; should fetch authorisations for a specific level" time="0.0009771">
        </testcase>
        <testcase classname="src/modules/auth/__tests__/authorization.spec.ts" name="stores/modules/auth/authorisations &gt; actions &gt; getLevel &gt; should return null on 403 error" time="0.0006277">
        </testcase>
        <testcase classname="src/modules/auth/__tests__/authorization.spec.ts" name="stores/modules/auth/authorisations &gt; actions &gt; getUserAuthorisations &gt; should fetch authorisations for a specific user" time="0.0069884">
        </testcase>
        <testcase classname="src/modules/auth/__tests__/authorization.spec.ts" name="stores/modules/auth/authorisations &gt; actions &gt; getUserAuthorisations &gt; should return null on 403 or 404 error" time="0.0032433">
        </testcase>
        <testcase classname="src/modules/auth/__tests__/authorization.spec.ts" name="stores/modules/auth/authorisations &gt; actions &gt; updateUserAuthorization &gt; should call API to update user authorization" time="0.0034737">
        </testcase>
        <testcase classname="src/modules/auth/__tests__/authorization.spec.ts" name="stores/modules/auth/authorisations &gt; actions &gt; updateUserAuthorization &gt; should throw error if no userId is provided" time="0.0030433">
        </testcase>
        <testcase classname="src/modules/auth/__tests__/authorization.spec.ts" name="stores/modules/auth/authorisations &gt; actions &gt; updateUserAuthorization &gt; should return null on 403 error" time="0.0009877">
        </testcase>
        <testcase classname="src/modules/auth/__tests__/authorization.spec.ts" name="stores/modules/auth/authorisations &gt; actions &gt; deleteUserAuthorizations &gt; should call API to delete user specific authorizations" time="0.0042454">
        </testcase>
        <testcase classname="src/modules/auth/__tests__/authorization.spec.ts" name="stores/modules/auth/authorisations &gt; actions &gt; deleteUserAuthorizations &gt; should throw error if no userId is provided" time="0.0020344">
        </testcase>
        <testcase classname="src/modules/auth/__tests__/authorization.spec.ts" name="stores/modules/auth/authorisations &gt; actions &gt; deleteUserAuthorizations &gt; should return null on 403 error" time="0.0018686">
        </testcase>
        <testcase classname="src/modules/auth/__tests__/authorization.spec.ts" name="stores/modules/auth/authorisations &gt; actions &gt; createTemporaryAuthorisationForUser &gt; should call API to create temporary authorisation" time="0.0022812">
        </testcase>
        <testcase classname="src/modules/auth/__tests__/authorization.spec.ts" name="stores/modules/auth/authorisations &gt; actions &gt; createTemporaryAuthorisationForUser &gt; should return null on 403 error" time="0.0010829">
        </testcase>
    </testsuite>
    <testsuite name="src/stores/modules/users/__tests__/user.spec.ts" timestamp="2025-05-08T11:06:11.190Z" hostname="DESKTOP-RDK5HMQ" tests="22" failures="0" errors="0" skipped="0" time="0.0624134">
        <testcase classname="src/stores/modules/users/__tests__/user.spec.ts" name="stores/modules/users/user &gt; state &gt; should have correct initial state" time="0.0101506">
        </testcase>
        <testcase classname="src/stores/modules/users/__tests__/user.spec.ts" name="stores/modules/users/user &gt; getters &gt; isAuthenticated" time="0.0015432">
        </testcase>
        <testcase classname="src/stores/modules/users/__tests__/user.spec.ts" name="stores/modules/users/user &gt; getters &gt; currentUserId" time="0.0008886">
        </testcase>
        <testcase classname="src/stores/modules/users/__tests__/user.spec.ts" name="stores/modules/users/user &gt; getters &gt; level" time="0.0008504">
        </testcase>
        <testcase classname="src/stores/modules/users/__tests__/user.spec.ts" name="stores/modules/users/user &gt; getters &gt; language" time="0.000771">
        </testcase>
        <testcase classname="src/stores/modules/users/__tests__/user.spec.ts" name="stores/modules/users/user &gt; getters &gt; getAllUsers" time="0.0026885">
        </testcase>
        <testcase classname="src/stores/modules/users/__tests__/user.spec.ts" name="stores/modules/users/user &gt; actions &gt; initializeAuth &gt; should fetch user if token exists and set as currentUser" time="0.007426">
            <system-out>
Initializing auth: Found token, fetching current user...

Initializing auth: User fetched successfully.

            </system-out>
        </testcase>
        <testcase classname="src/stores/modules/users/__tests__/user.spec.ts" name="stores/modules/users/user &gt; actions &gt; initializeAuth &gt; should handle API 401 error and remove token" time="0.0022347">
            <system-out>
Initializing auth: Found token, fetching current user...

            </system-out>
            <system-err>
Initializing auth: Failed to fetch user with stored token. { response: { status: [33m401[39m }, message: [32m&apos;BAD_CREDENTIALS&apos;[39m }

            </system-err>
        </testcase>
        <testcase classname="src/stores/modules/users/__tests__/user.spec.ts" name="stores/modules/users/user &gt; actions &gt; login &gt; should login successfully, store token, and call fetchCurrentUser which succeeds" time="0.0031685">
            <system-out>
[fetchCurrentUser] Start
[fetchCurrentUser] Calling API /users/me

[fetchCurrentUser] API call successful
[fetchCurrentUser] User set, returning user.

            </system-out>
        </testcase>
        <testcase classname="src/stores/modules/users/__tests__/user.spec.ts" name="stores/modules/users/user &gt; actions &gt; logout &gt; should call logout API and reset state" time="0.0107939">
            <system-out>
Initializing auth: Found token, fetching current user...

            </system-out>
            <system-err>
Logging out user...

[PendingInterceptor Cache] Cleared all pending request entries.

Initializing auth: Failed to fetch user with stored token. {
  response: { status: [33m401[39m },
  message: [32m&apos;Simulated token invalid after logout&apos;[39m
}

            </system-err>
        </testcase>
        <testcase classname="src/stores/modules/users/__tests__/user.spec.ts" name="stores/modules/users/user &gt; actions &gt; fetchCurrentUser &gt; should fetch and set the current user" time="0.0018701">
            <system-out>
[fetchCurrentUser] Start
[fetchCurrentUser] Calling API /users/me

[fetchCurrentUser] API call successful
[fetchCurrentUser] User set, returning user.

            </system-out>
        </testcase>
        <testcase classname="src/stores/modules/users/__tests__/user.spec.ts" name="stores/modules/users/user &gt; actions &gt; fetchUser &gt; should fetch a specific user" time="0.001418">
        </testcase>
        <testcase classname="src/stores/modules/users/__tests__/user.spec.ts" name="stores/modules/users/user &gt; actions &gt; fetchUsers &gt; should fetch all users and store them" time="0.0010123">
        </testcase>
        <testcase classname="src/stores/modules/users/__tests__/user.spec.ts" name="stores/modules/users/user &gt; actions &gt; ensureUsersFetched &gt; should call fetchUsers if usersFetched is false" time="0.0006749">
        </testcase>
        <testcase classname="src/stores/modules/users/__tests__/user.spec.ts" name="stores/modules/users/user &gt; actions &gt; ensureUsersFetched &gt; should not call fetchUsers if usersFetched is true" time="0.0005461">
        </testcase>
        <testcase classname="src/stores/modules/users/__tests__/user.spec.ts" name="stores/modules/users/user &gt; actions &gt; searchUser &gt; should fetch user by ID" time="0.0009132">
        </testcase>
        <testcase classname="src/stores/modules/users/__tests__/user.spec.ts" name="stores/modules/users/user &gt; actions &gt; searchUser &gt; should fetch user by email" time="0.0007206">
        </testcase>
        <testcase classname="src/stores/modules/users/__tests__/user.spec.ts" name="stores/modules/users/user &gt; actions &gt; updateUser &gt; should call API to update user" time="0.0011164">
        </testcase>
        <testcase classname="src/stores/modules/users/__tests__/user.spec.ts" name="stores/modules/users/user &gt; actions &gt; addUser &gt; should call API to add a user" time="0.0060485">
        </testcase>
        <testcase classname="src/stores/modules/users/__tests__/user.spec.ts" name="stores/modules/users/user &gt; actions &gt; deleteUser &gt; should call API to delete a user" time="0.001385">
            <system-out>
User 1 deleted from local map.

            </system-out>
        </testcase>
        <testcase classname="src/stores/modules/users/__tests__/user.spec.ts" name="stores/modules/users/user &gt; actions &gt; setPreference &gt; should call API to set a preference" time="0.0013393">
        </testcase>
        <testcase classname="src/stores/modules/users/__tests__/user.spec.ts" name="stores/modules/users/user &gt; actions &gt; setPreference &gt; should update language and call services" time="0.0013385">
        </testcase>
    </testsuite>
    <testsuite name="src/stores/modules/users/models/__tests__/userModel.spec.ts" timestamp="2025-05-08T11:06:11.212Z" hostname="DESKTOP-RDK5HMQ" tests="20" failures="0" errors="0" skipped="0" time="0.0429127">
        <testcase classname="src/stores/modules/users/models/__tests__/userModel.spec.ts" name="UserModel &gt; Constructor and Basic Properties &gt; should create an instance with provided data" time="0.0114217">
        </testcase>
        <testcase classname="src/stores/modules/users/models/__tests__/userModel.spec.ts" name="UserModel &gt; Constructor and Basic Properties &gt; should use default values for missing optional data" time="0.0011457">
        </testcase>
        <testcase classname="src/stores/modules/users/models/__tests__/userModel.spec.ts" name="UserModel &gt; Constructor and Basic Properties &gt; should correctly calculate fullName" time="0.0009187">
        </testcase>
        <testcase classname="src/stores/modules/users/models/__tests__/userModel.spec.ts" name="UserModel &gt; Constructor and Basic Properties &gt; handles date strings in constructor correctly (simulating old test logic)" time="0.0038893">
        </testcase>
        <testcase classname="src/stores/modules/users/models/__tests__/userModel.spec.ts" name="UserModel &gt; UserModel.fromAPI() &gt; should create a UserModel instance from API data" time="0.0017877">
        </testcase>
        <testcase classname="src/stores/modules/users/models/__tests__/userModel.spec.ts" name="UserModel &gt; UserModel.fromAPI() &gt; should handle missing optional fields in fromAPI" time="0.0011428">
        </testcase>
        <testcase classname="src/stores/modules/users/models/__tests__/userModel.spec.ts" name="UserModel &gt; toAPI() &gt; should return an object suitable for API submission" time="0.0036349">
        </testcase>
        <testcase classname="src/stores/modules/users/models/__tests__/userModel.spec.ts" name="UserModel &gt; toAPI() &gt; should remove id if it is null (though constructor defaults to 0)" time="0.0008125">
        </testcase>
        <testcase classname="src/stores/modules/users/models/__tests__/userModel.spec.ts" name="UserModel &gt; clone() &gt; should create a deep copy of the user model" time="0.0025415">
        </testcase>
        <testcase classname="src/stores/modules/users/models/__tests__/userModel.spec.ts" name="UserModel &gt; isValid() &gt; should return true for a valid user" time="0.0008749">
        </testcase>
        <testcase classname="src/stores/modules/users/models/__tests__/userModel.spec.ts" name="UserModel &gt; isValid() &gt; should return false for invalid email" time="0.0004572">
        </testcase>
        <testcase classname="src/stores/modules/users/models/__tests__/userModel.spec.ts" name="UserModel &gt; isValid() &gt; should return false for empty name" time="0.0003556">
        </testcase>
        <testcase classname="src/stores/modules/users/models/__tests__/userModel.spec.ts" name="UserModel &gt; isValid() &gt; should return false for null name" time="0.0002777">
        </testcase>
        <testcase classname="src/stores/modules/users/models/__tests__/userModel.spec.ts" name="UserModel &gt; isValid() &gt; should return false for invalid level (0 or less)" time="0.0002476">
        </testcase>
        <testcase classname="src/stores/modules/users/models/__tests__/userModel.spec.ts" name="UserModel &gt; reset() &gt; should reset user properties to default values" time="0.0008501">
        </testcase>
        <testcase classname="src/stores/modules/users/models/__tests__/userModel.spec.ts" name="UserModel &gt; UserModel.isEmailInternal() &gt; should return true for internal email domains" time="0.0003409">
        </testcase>
        <testcase classname="src/stores/modules/users/models/__tests__/userModel.spec.ts" name="UserModel &gt; UserModel.isEmailInternal() &gt; should return false for external email domains" time="0.0001885">
        </testcase>
        <testcase classname="src/stores/modules/users/models/__tests__/userModel.spec.ts" name="UserModel &gt; hasExpired() &gt; should return false if permissionsExpireAt is null" time="0.0003032">
        </testcase>
        <testcase classname="src/stores/modules/users/models/__tests__/userModel.spec.ts" name="UserModel &gt; hasExpired() &gt; should return false if permissionsExpireAt is in the future" time="0.0016976">
        </testcase>
        <testcase classname="src/stores/modules/users/models/__tests__/userModel.spec.ts" name="UserModel &gt; hasExpired() &gt; should return true if permissionsExpireAt is in the past" time="0.0056914">
        </testcase>
    </testsuite>
</testsuites>
