<?xml version="1.0" encoding="UTF-8" ?>
<testsuites name="vitest tests" tests="75" failures="0" errors="0" time="0.1559129">
    <testsuite name="src/modules/auth/__tests__/authorization.spec.ts" timestamp="2025-05-07T16:35:28.126Z" hostname="DESKTOP-RDK5HMQ" tests="33" failures="0" errors="0" skipped="0" time="0.0627771">
        <testcase classname="src/modules/auth/__tests__/authorization.spec.ts" name="stores/modules/auth/authorisations &gt; initial state &gt; should have a null initial state for features and levelsAuthorisations" time="0.0053827">
        </testcase>
        <testcase classname="src/modules/auth/__tests__/authorization.spec.ts" name="stores/modules/auth/authorisations &gt; getters &gt; user context getters &gt; should return default values when no user is logged in" time="0.0021189">
        </testcase>
        <testcase classname="src/modules/auth/__tests__/authorization.spec.ts" name="stores/modules/auth/authorisations &gt; getters &gt; user context getters &gt; should reflect currentUser properties" time="0.0017728">
        </testcase>
        <testcase classname="src/modules/auth/__tests__/authorization.spec.ts" name="stores/modules/auth/authorisations &gt; getters &gt; hasExpired &gt; should be false if permissionsExpireAt is null" time="0.0009539">
        </testcase>
        <testcase classname="src/modules/auth/__tests__/authorization.spec.ts" name="stores/modules/auth/authorisations &gt; getters &gt; hasExpired &gt; should be false if permissionsExpireAt is in the future" time="0.0015779">
        </testcase>
        <testcase classname="src/modules/auth/__tests__/authorization.spec.ts" name="stores/modules/auth/authorisations &gt; getters &gt; hasExpired &gt; should be true if permissionsExpireAt is in the past" time="0.0015126">
        </testcase>
        <testcase classname="src/modules/auth/__tests__/authorization.spec.ts" name="stores/modules/auth/authorisations &gt; getters &gt; role getters &gt; isUser should be true for USER level and above" time="0.0020274">
        </testcase>
        <testcase classname="src/modules/auth/__tests__/authorization.spec.ts" name="stores/modules/auth/authorisations &gt; getters &gt; role getters &gt; isIntegrator should be true for INTEGRATOR level and above" time="0.0014246">
        </testcase>
        <testcase classname="src/modules/auth/__tests__/authorization.spec.ts" name="stores/modules/auth/authorisations &gt; getters &gt; role getters &gt; isAdmin should be true for ADMIN level" time="0.0018857">
        </testcase>
        <testcase classname="src/modules/auth/__tests__/authorization.spec.ts" name="stores/modules/auth/authorisations &gt; getters &gt; hasCurrentUserAuthorisation (and isUserAllowed) &gt; should return true for admin for any feature/action" time="0.001331">
        </testcase>
        <testcase classname="src/modules/auth/__tests__/authorization.spec.ts" name="stores/modules/auth/authorisations &gt; getters &gt; hasCurrentUserAuthorisation (and isUserAllowed) &gt; should return false if no user is logged in" time="0.0008538">
        </testcase>
        <testcase classname="src/modules/auth/__tests__/authorization.spec.ts" name="stores/modules/auth/authorisations &gt; getters &gt; hasCurrentUserAuthorisation (and isUserAllowed) &gt; should return false if user has no permissions object" time="0.0006511">
        </testcase>
        <testcase classname="src/modules/auth/__tests__/authorization.spec.ts" name="stores/modules/auth/authorisations &gt; getters &gt; hasCurrentUserAuthorisation (and isUserAllowed) &gt; should return false if user does not have the feature permission" time="0.0005198">
        </testcase>
        <testcase classname="src/modules/auth/__tests__/authorization.spec.ts" name="stores/modules/auth/authorisations &gt; getters &gt; hasCurrentUserAuthorisation (and isUserAllowed) &gt; should return false if user has the feature but not the action" time="0.0006193">
        </testcase>
        <testcase classname="src/modules/auth/__tests__/authorization.spec.ts" name="stores/modules/auth/authorisations &gt; getters &gt; hasCurrentUserAuthorisation (and isUserAllowed) &gt; should return true if user has the feature and action" time="0.0005259">
        </testcase>
        <testcase classname="src/modules/auth/__tests__/authorization.spec.ts" name="stores/modules/auth/authorisations &gt; getters &gt; hasCurrentUserAuthorisation (and isUserAllowed) &gt; should still check permissions even if hasExpired is true (permissions check is independent of expiry for this getter)" time="0.0003773">
        </testcase>
        <testcase classname="src/modules/auth/__tests__/authorization.spec.ts" name="stores/modules/auth/authorisations &gt; actions &gt; fetchAllFeatures &gt; should fetch and set all features" time="0.0040925">
        </testcase>
        <testcase classname="src/modules/auth/__tests__/authorization.spec.ts" name="stores/modules/auth/authorisations &gt; actions &gt; fetchAllFeatures &gt; should return null on 403 error" time="0.0009358">
        </testcase>
        <testcase classname="src/modules/auth/__tests__/authorization.spec.ts" name="stores/modules/auth/authorisations &gt; actions &gt; fetchAllFeatures &gt; should throw ServerError on other errors" time="0.0071705">
        </testcase>
        <testcase classname="src/modules/auth/__tests__/authorization.spec.ts" name="stores/modules/auth/authorisations &gt; actions &gt; fetchLevels &gt; should fetch and set levels authorisations" time="0.0018585">
        </testcase>
        <testcase classname="src/modules/auth/__tests__/authorization.spec.ts" name="stores/modules/auth/authorisations &gt; actions &gt; fetchLevels &gt; should return null on 403 error" time="0.000723">
        </testcase>
        <testcase classname="src/modules/auth/__tests__/authorization.spec.ts" name="stores/modules/auth/authorisations &gt; actions &gt; getLevel &gt; should fetch authorisations for a specific level" time="0.0008091">
        </testcase>
        <testcase classname="src/modules/auth/__tests__/authorization.spec.ts" name="stores/modules/auth/authorisations &gt; actions &gt; getLevel &gt; should return null on 403 error" time="0.0006381">
        </testcase>
        <testcase classname="src/modules/auth/__tests__/authorization.spec.ts" name="stores/modules/auth/authorisations &gt; actions &gt; getUserAuthorisations &gt; should fetch authorisations for a specific user" time="0.0025097">
        </testcase>
        <testcase classname="src/modules/auth/__tests__/authorization.spec.ts" name="stores/modules/auth/authorisations &gt; actions &gt; getUserAuthorisations &gt; should return null on 403 or 404 error" time="0.0006891">
        </testcase>
        <testcase classname="src/modules/auth/__tests__/authorization.spec.ts" name="stores/modules/auth/authorisations &gt; actions &gt; updateUserAuthorization &gt; should call API to update user authorization" time="0.0015847">
        </testcase>
        <testcase classname="src/modules/auth/__tests__/authorization.spec.ts" name="stores/modules/auth/authorisations &gt; actions &gt; updateUserAuthorization &gt; should throw error if no userId is provided" time="0.0047468">
        </testcase>
        <testcase classname="src/modules/auth/__tests__/authorization.spec.ts" name="stores/modules/auth/authorisations &gt; actions &gt; updateUserAuthorization &gt; should return null on 403 error" time="0.0025498">
        </testcase>
        <testcase classname="src/modules/auth/__tests__/authorization.spec.ts" name="stores/modules/auth/authorisations &gt; actions &gt; deleteUserAuthorizations &gt; should call API to delete user specific authorizations" time="0.0017027">
        </testcase>
        <testcase classname="src/modules/auth/__tests__/authorization.spec.ts" name="stores/modules/auth/authorisations &gt; actions &gt; deleteUserAuthorizations &gt; should throw error if no userId is provided" time="0.0016161">
        </testcase>
        <testcase classname="src/modules/auth/__tests__/authorization.spec.ts" name="stores/modules/auth/authorisations &gt; actions &gt; deleteUserAuthorizations &gt; should return null on 403 error" time="0.0012195">
        </testcase>
        <testcase classname="src/modules/auth/__tests__/authorization.spec.ts" name="stores/modules/auth/authorisations &gt; actions &gt; createTemporaryAuthorisationForUser &gt; should call API to create temporary authorisation" time="0.0016106">
        </testcase>
        <testcase classname="src/modules/auth/__tests__/authorization.spec.ts" name="stores/modules/auth/authorisations &gt; actions &gt; createTemporaryAuthorisationForUser &gt; should return null on 403 error" time="0.0006109">
        </testcase>
    </testsuite>
    <testsuite name="src/stores/modules/users/__tests__/user.spec.ts" timestamp="2025-05-07T16:35:28.158Z" hostname="DESKTOP-RDK5HMQ" tests="22" failures="0" errors="0" skipped="0" time="0.0590556">
        <testcase classname="src/stores/modules/users/__tests__/user.spec.ts" name="stores/modules/users/user &gt; state &gt; should have correct initial state" time="0.0054755">
        </testcase>
        <testcase classname="src/stores/modules/users/__tests__/user.spec.ts" name="stores/modules/users/user &gt; getters &gt; isAuthenticated" time="0.0013376">
        </testcase>
        <testcase classname="src/stores/modules/users/__tests__/user.spec.ts" name="stores/modules/users/user &gt; getters &gt; currentUserId" time="0.0007794">
        </testcase>
        <testcase classname="src/stores/modules/users/__tests__/user.spec.ts" name="stores/modules/users/user &gt; getters &gt; level" time="0.0007255">
        </testcase>
        <testcase classname="src/stores/modules/users/__tests__/user.spec.ts" name="stores/modules/users/user &gt; getters &gt; language" time="0.000808">
        </testcase>
        <testcase classname="src/stores/modules/users/__tests__/user.spec.ts" name="stores/modules/users/user &gt; getters &gt; getAllUsers" time="0.0023446">
        </testcase>
        <testcase classname="src/stores/modules/users/__tests__/user.spec.ts" name="stores/modules/users/user &gt; actions &gt; initializeAuth &gt; should fetch user if token exists and set as currentUser" time="0.004151">
            <system-out>
Initializing auth: Found token, fetching current user...

Initializing auth: User fetched successfully.

            </system-out>
        </testcase>
        <testcase classname="src/stores/modules/users/__tests__/user.spec.ts" name="stores/modules/users/user &gt; actions &gt; initializeAuth &gt; should handle API 401 error and remove token" time="0.0020061">
            <system-out>
Initializing auth: Found token, fetching current user...

            </system-out>
            <system-err>
Initializing auth: Failed to fetch user with stored token. { response: { status: [33m401[39m }, message: [32m&apos;BAD_CREDENTIALS&apos;[39m }

            </system-err>
        </testcase>
        <testcase classname="src/stores/modules/users/__tests__/user.spec.ts" name="stores/modules/users/user &gt; actions &gt; login &gt; should login successfully, store token, and call fetchCurrentUser which succeeds" time="0.0044505">
            <system-out>
[fetchCurrentUser] Start
[fetchCurrentUser] Calling API /users/me

[fetchCurrentUser] API call successful
[fetchCurrentUser] User set, returning user.

            </system-out>
        </testcase>
        <testcase classname="src/stores/modules/users/__tests__/user.spec.ts" name="stores/modules/users/user &gt; actions &gt; logout &gt; should call logout API and reset state" time="0.0077142">
            <system-out>
Initializing auth: Found token, fetching current user...

            </system-out>
            <system-err>
Logging out user...

[PendingInterceptor Cache] Cleared all pending request entries.

Initializing auth: Failed to fetch user with stored token. {
  response: { status: [33m401[39m },
  message: [32m&apos;Simulated token invalid after logout&apos;[39m
}

            </system-err>
        </testcase>
        <testcase classname="src/stores/modules/users/__tests__/user.spec.ts" name="stores/modules/users/user &gt; actions &gt; fetchCurrentUser &gt; should fetch and set the current user" time="0.0015639">
            <system-out>
[fetchCurrentUser] Start
[fetchCurrentUser] Calling API /users/me

[fetchCurrentUser] API call successful
[fetchCurrentUser] User set, returning user.

            </system-out>
        </testcase>
        <testcase classname="src/stores/modules/users/__tests__/user.spec.ts" name="stores/modules/users/user &gt; actions &gt; fetchUser &gt; should fetch a specific user" time="0.0029588">
        </testcase>
        <testcase classname="src/stores/modules/users/__tests__/user.spec.ts" name="stores/modules/users/user &gt; actions &gt; fetchUsers &gt; should fetch all users and store them" time="0.0038288">
        </testcase>
        <testcase classname="src/stores/modules/users/__tests__/user.spec.ts" name="stores/modules/users/user &gt; actions &gt; ensureUsersFetched &gt; should call fetchUsers if usersFetched is false" time="0.0015409">
        </testcase>
        <testcase classname="src/stores/modules/users/__tests__/user.spec.ts" name="stores/modules/users/user &gt; actions &gt; ensureUsersFetched &gt; should not call fetchUsers if usersFetched is true" time="0.0006906">
        </testcase>
        <testcase classname="src/stores/modules/users/__tests__/user.spec.ts" name="stores/modules/users/user &gt; actions &gt; searchUser &gt; should fetch user by ID" time="0.0010658">
        </testcase>
        <testcase classname="src/stores/modules/users/__tests__/user.spec.ts" name="stores/modules/users/user &gt; actions &gt; searchUser &gt; should fetch user by email" time="0.0024048">
        </testcase>
        <testcase classname="src/stores/modules/users/__tests__/user.spec.ts" name="stores/modules/users/user &gt; actions &gt; updateUser &gt; should call API to update user" time="0.0018308">
        </testcase>
        <testcase classname="src/stores/modules/users/__tests__/user.spec.ts" name="stores/modules/users/user &gt; actions &gt; addUser &gt; should call API to add a user" time="0.0034864">
        </testcase>
        <testcase classname="src/stores/modules/users/__tests__/user.spec.ts" name="stores/modules/users/user &gt; actions &gt; deleteUser &gt; should call API to delete a user" time="0.0017936">
            <system-out>
User 1 deleted from local map.

            </system-out>
        </testcase>
        <testcase classname="src/stores/modules/users/__tests__/user.spec.ts" name="stores/modules/users/user &gt; actions &gt; setPreference &gt; should call API to set a preference" time="0.0032986">
        </testcase>
        <testcase classname="src/stores/modules/users/__tests__/user.spec.ts" name="stores/modules/users/user &gt; actions &gt; setPreference &gt; should update language and call services" time="0.0012082">
        </testcase>
    </testsuite>
    <testsuite name="src/stores/modules/users/models/__tests__/userModel.spec.ts" timestamp="2025-05-07T16:35:28.179Z" hostname="DESKTOP-RDK5HMQ" tests="20" failures="0" errors="0" skipped="0" time="0.0340802">
        <testcase classname="src/stores/modules/users/models/__tests__/userModel.spec.ts" name="UserModel &gt; Constructor and Basic Properties &gt; should create an instance with provided data" time="0.0110468">
        </testcase>
        <testcase classname="src/stores/modules/users/models/__tests__/userModel.spec.ts" name="UserModel &gt; Constructor and Basic Properties &gt; should use default values for missing optional data" time="0.0010331">
        </testcase>
        <testcase classname="src/stores/modules/users/models/__tests__/userModel.spec.ts" name="UserModel &gt; Constructor and Basic Properties &gt; should correctly calculate fullName" time="0.0006269">
        </testcase>
        <testcase classname="src/stores/modules/users/models/__tests__/userModel.spec.ts" name="UserModel &gt; Constructor and Basic Properties &gt; handles date strings in constructor correctly (simulating old test logic)" time="0.0025215">
        </testcase>
        <testcase classname="src/stores/modules/users/models/__tests__/userModel.spec.ts" name="UserModel &gt; UserModel.fromAPI() &gt; should create a UserModel instance from API data" time="0.0015046">
        </testcase>
        <testcase classname="src/stores/modules/users/models/__tests__/userModel.spec.ts" name="UserModel &gt; UserModel.fromAPI() &gt; should handle missing optional fields in fromAPI" time="0.000783">
        </testcase>
        <testcase classname="src/stores/modules/users/models/__tests__/userModel.spec.ts" name="UserModel &gt; toAPI() &gt; should return an object suitable for API submission" time="0.0026477">
        </testcase>
        <testcase classname="src/stores/modules/users/models/__tests__/userModel.spec.ts" name="UserModel &gt; toAPI() &gt; should remove id if it is null (though constructor defaults to 0)" time="0.0005509">
        </testcase>
        <testcase classname="src/stores/modules/users/models/__tests__/userModel.spec.ts" name="UserModel &gt; clone() &gt; should create a deep copy of the user model" time="0.0036909">
        </testcase>
        <testcase classname="src/stores/modules/users/models/__tests__/userModel.spec.ts" name="UserModel &gt; isValid() &gt; should return true for a valid user" time="0.0008907">
        </testcase>
        <testcase classname="src/stores/modules/users/models/__tests__/userModel.spec.ts" name="UserModel &gt; isValid() &gt; should return false for invalid email" time="0.0004359">
        </testcase>
        <testcase classname="src/stores/modules/users/models/__tests__/userModel.spec.ts" name="UserModel &gt; isValid() &gt; should return false for empty name" time="0.0002598">
        </testcase>
        <testcase classname="src/stores/modules/users/models/__tests__/userModel.spec.ts" name="UserModel &gt; isValid() &gt; should return false for null name" time="0.0001986">
        </testcase>
        <testcase classname="src/stores/modules/users/models/__tests__/userModel.spec.ts" name="UserModel &gt; isValid() &gt; should return false for invalid level (0 or less)" time="0.0002609">
        </testcase>
        <testcase classname="src/stores/modules/users/models/__tests__/userModel.spec.ts" name="UserModel &gt; reset() &gt; should reset user properties to default values" time="0.0009368">
        </testcase>
        <testcase classname="src/stores/modules/users/models/__tests__/userModel.spec.ts" name="UserModel &gt; UserModel.isEmailInternal() &gt; should return true for internal email domains" time="0.0003956">
        </testcase>
        <testcase classname="src/stores/modules/users/models/__tests__/userModel.spec.ts" name="UserModel &gt; UserModel.isEmailInternal() &gt; should return false for external email domains" time="0.0002579">
        </testcase>
        <testcase classname="src/stores/modules/users/models/__tests__/userModel.spec.ts" name="UserModel &gt; hasExpired() &gt; should return false if permissionsExpireAt is null" time="0.0003068">
        </testcase>
        <testcase classname="src/stores/modules/users/models/__tests__/userModel.spec.ts" name="UserModel &gt; hasExpired() &gt; should return false if permissionsExpireAt is in the future" time="0.0007353">
        </testcase>
        <testcase classname="src/stores/modules/users/models/__tests__/userModel.spec.ts" name="UserModel &gt; hasExpired() &gt; should return true if permissionsExpireAt is in the past" time="0.0004211">
        </testcase>
    </testsuite>
</testsuites>
